Wed Sep 23 18:40:31 BDT 2020 : Apache Derby Network Server - 10.14.2.0 - (1828579) started and ready to accept connections on port 1527
----------------------------------------------------------------
Wed Sep 23 18:40:31 BDT 2020:
Booting Derby version The Apache Software Foundation - Apache Derby - 10.14.2.0 - (1828579): instance a816c00e-0174-bafa-c5d2-00004bf03ca8 
on database directory C:\Users\User\Desktop\Library-Management-System-JAVA-master\Database\LMS with class loader sun.misc.Launcher$AppClassLoader@1d44bcfa 
Loaded from file:/C:/Program%20Files/Java/glassfish5/javadb/lib/derby.jar
java.vendor=Oracle Corporation
java.runtime.version=1.8.0_261-b12
user.dir=C:\Program Files\Java\glassfish5\javadb
os.name=Windows 10
os.arch=amd64
os.version=10.0
derby.system.home=C:\Users\User\Desktop\Library-Management-System-JAVA-master\Database
Database Class Loader started - derby.database.classpath=''
----------------------------------------------------------------
Wed Sep 23 18:40:38 BDT 2020:
Booting Derby version The Apache Software Foundation - Apache Derby - 10.14.2.0 - (1828579): instance 1c16805c-0174-bafa-c5d2-00004bf03ca8 
on database directory C:\Users\User\Desktop\Library-Management-System-JAVA-master\Database\sample with class loader sun.misc.Launcher$AppClassLoader@1d44bcfa 
Loaded from file:/C:/Program%20Files/Java/glassfish5/javadb/lib/derby.jar
java.vendor=Oracle Corporation
java.runtime.version=1.8.0_261-b12
user.dir=C:\Program Files\Java\glassfish5\javadb
os.name=Windows 10
os.arch=amd64
os.version=10.0
derby.system.home=C:\Users\User\Desktop\Library-Management-System-JAVA-master\Database
Database Class Loader started - derby.database.classpath=''
----------------------------------------------------------------
Wed Sep 23 18:59:31 BDT 2020: Shutting down Derby engine
